<?xml version="1.0" encoding="UTF-8"?>
<!-- Generated by org.testng.reporters.JUnitXMLReporter -->
<testsuite ignored="0" hostname="DESKTOP-Q2RM1HI" failures="0" tests="4" name="Test" time="102.258" errors="0" timestamp="2022-01-11T21:39:23 IST">
  <testcase classname="test.LoginTest" name="login" time="4.737"/>
  <testcase classname="test.LoginTest" name="ClickCatalog" time="1.221"/>
  <testcase classname="test.LoginTest" name="DataDriven" time="86.821"/>
  <testcase classname="test.LoginTest" name="logout" time="0.828"/>
</testsuite> <!-- Test -->
