<?xml version="1.0" encoding="UTF-8"?>
<!-- Generated by org.testng.reporters.JUnitXMLReporter -->
<testsuite ignored="2" hostname="DESKTOP-Q2RM1HI" failures="1" tests="4" name="Surefire test" time="3.525" errors="0" timestamp="2022-01-11T18:23:43 IST">
  <testcase classname="test.BaseTest" name="@AfterMethod getResult" time="0.004">
    <failure type="java.lang.NullPointerException" message="Cannot invoke &amp;quot;com.aventstack.extentreports.ExtentTest.log(com.aventstack.extentreports.Status, com.aventstack.extentreports.markuputils.Markup)&amp;quot; because &amp;quot;this.logger&amp;quot; is null">
      <![CDATA[java.lang.NullPointerException: Cannot invoke "com.aventstack.extentreports.ExtentTest.log(com.aventstack.extentreports.Status, com.aventstack.extentreports.markuputils.Markup)" because "this.logger" is null
at test.BaseTest.getResult(BaseTest.java:127)
at java.base/java.util.ArrayList.forEach(ArrayList.java:1511)
... Removed 37 stack frames]]>
    </failure>
  </testcase> <!-- @AfterMethod getResult -->
  <testcase classname="test.BaseTest" name="@AfterMethod getResult" time="-1.641905623589E9">
    <skipped/>
  </testcase> <!-- @AfterMethod getResult -->
  <testcase classname="test.BaseTest" name="@AfterMethod getResult" time="-1.64190562359E9">
    <skipped/>
  </testcase> <!-- @AfterMethod getResult -->
  <testcase classname="test.BaseTest" name="@AfterMethod getResult" time="-1.641905623591E9">
    <skipped/>
  </testcase> <!-- @AfterMethod getResult -->
  <testcase classname="test.BaseTest" name="@AfterTest closeApp" time="-1.641905623592E9">
    <skipped/>
  </testcase> <!-- @AfterTest closeApp -->
  <testcase classname="test.LoginTest" name="login" time="0.003">
    <failure type="java.lang.NullPointerException" message="Cannot invoke &amp;quot;com.aventstack.extentreports.ExtentReports.createTest(String)&amp;quot; because &amp;quot;this.extent&amp;quot; is null">
      <![CDATA[java.lang.NullPointerException: Cannot invoke "com.aventstack.extentreports.ExtentReports.createTest(String)" because "this.extent" is null
at test.LoginTest.login(LoginTest.java:23)
at java.base/java.util.ArrayList.forEach(ArrayList.java:1511)
... Removed 32 stack frames]]>
    </failure>
  </testcase> <!-- login -->
  <testcase classname="test.LoginTest" name="ClickCatalog" time="0.0">
    <skipped/>
  </testcase> <!-- ClickCatalog -->
  <testcase classname="test.LoginTest" name="DataDriven" time="0.0">
    <skipped/>
  </testcase> <!-- DataDriven -->
  <testcase classname="test.LoginTest" name="logout" time="0.0">
    <skipped/>
  </testcase> <!-- logout -->
  <testcase classname="test.BaseTest" name="@AfterTest closeApp" time="0.0">
    <ignored/>
  </testcase> <!-- @AfterTest closeApp -->
  <testcase classname="test.BaseTest" name="@BeforeTest browser" time="0.0">
    <ignored/>
  </testcase> <!-- @BeforeTest browser -->
</testsuite> <!-- Surefire test -->
